<?xml version="1.0" encoding="UTF-8"?>
<!-- Generated by org.testng.reporters.JUnitReportReporter -->
<testsuite hostname="TYSS-Shobha" failures="0" tests="1" name="product.CreateProductTest" time="19.473" errors="0" timestamp="2025-04-15T14:15:11 IST" skipped="0">
  <testcase classname="product.CreateProductTest" name="CreateProductTest" time="19.473"/>
</testsuite> <!-- product.CreateProductTest -->
