<?xml version="1.0" encoding="UTF-8"?>
<!-- Generated by org.testng.reporters.JUnitReportReporter -->
<testsuite hostname="TYSS-Shobha" failures="0" tests="3" name="product.DataProviderEx1" time="0.011" errors="0" timestamp="2025-04-12T15:30:01 IST" skipped="0">
  <testcase classname="product.DataProviderEx1" name="bookTickets" time="0.009"/>
  <testcase classname="product.DataProviderEx1" name="bookTickets" time="0.001"/>
  <testcase classname="product.DataProviderEx1" name="bookTickets" time="0.001"/>
</testsuite> <!-- product.DataProviderEx1 -->
