<?xml version="1.0" encoding="UTF-8"?>
<!-- Generated by org.testng.reporters.JUnitReportReporter -->
<testsuite hostname="TYSS-Shobha" failures="0" tests="5" name="product.DemoTest" time="0.025" errors="0" timestamp="2025-04-12T15:18:18 IST" skipped="0">
  <testcase classname="product.DemoTest" name="createContact" time="0.004"/>
  <testcase classname="product.DemoTest" name="createContact" time="0.015"/>
  <testcase classname="product.DemoTest" name="createContact" time="0.002"/>
  <testcase classname="product.DemoTest" name="deleteContact" time="0.002"/>
  <testcase classname="product.DemoTest" name="modifyContact" time="0.002"/>
</testsuite> <!-- product.DemoTest -->
